<?xml version="1.0" encoding="utf-8"?><testsuites name="pytest tests"><testsuite name="pytest" errors="0" failures="1" skipped="0" tests="16" time="2.988" timestamp="2026-09-09T11:31:35.020799+00:00" hostname="agent-env-b705235f-cf98-4019-a263-24b7ae96270d"><testcase classname="tests.backend_test" name="test_list_products" time="0.299" /><testcase classname="tests.backend_test" name="test_login_invalid" time="0.296" /><testcase classname="tests.backend_test" name="test_auth_me_requires_token" time="0.066" /><testcase classname="tests.backend_test" name="test_auth_me_with_token" time="0.355" /><testcase classname="tests.backend_test" name="test_verify_payment_mock" time="0.211" /><testcase classname="tests.backend_test" name="test_verify_bad_signature" time="0.209" /><testcase classname="tests.backend_test" name="test_get_order" time="0.069" /><testcase classname="tests.backend_test" name="test_invoice_pdf" time="0.071" /><testcase classname="tests.backend_test" name="test_track_order_ok" time="0.070" /><testcase classname="tests.backend_test" name="test_track_order_bad_phone" time="0.073" /><testcase classname="tests.backend_test" name="test_admin_list_orders" time="0.069" /><testcase classname="tests.backend_test" name="test_admin_update_status" time="0.070" /><testcase classname="tests.backend_test" name="test_admin_shiprocket_mock" time="0.066" /><testcase classname="tests.backend_test" name="test_admin_resend_invoice" time="0.073" /><testcase classname="tests.backend_test" name="test_admin_product_crud" time="0.344" /><testcase classname="tests.backend_test" name="test_admin_requires_auth" time="0.067"><failure message="assert 200 == 401&#10; +  where 200 = &lt;Response [200]&gt;.status_code">backend/tests/backend_test.py:192: in test_admin_requires_auth
    assert r.status_code == 401
E   assert 200 == 401
E    +  where 200 = &lt;Response [200]&gt;.status_code</failure></testcase></testsuite></testsuites>