<?xml version="1.0" encoding="utf-8"?><testsuites name="pytest tests"><testsuite name="pytest" errors="0" failures="0" skipped="0" tests="13" time="2.946" timestamp="2026-09-10T04:55:39.997931+00:00" hostname="agent-env-b705235f-cf98-4019-a263-24b7ae96270d"><testcase classname="tests.backend_test.TestOrderFlow" name="test_create_verify_track_invoice" time="1.110" /><testcase classname="tests.backend_test.TestAuth" name="test_login_success" time="0.495" /><testcase classname="tests.backend_test.TestAuth" name="test_login_wrong_password" time="0.301" /><testcase classname="tests.backend_test.TestAuth" name="test_me_requires_auth" time="0.190" /><testcase classname="tests.backend_test.TestAuth" name="test_me_with_bearer" time="0.132" /><testcase classname="tests.backend_test.TestOrderFlow" name="test_delivery_fee_under_threshold" time="0.067" /><testcase classname="tests.backend_test.TestAdmin" name="test_admin_orders_list" time="0.117" /><testcase classname="tests.backend_test.TestOrderFlow" name="test_invalid_qty" time="0.128" /><testcase classname="tests.backend_test.TestAdmin" name="test_admin_products_crud" time="0.496" /><testcase classname="tests.backend_test.TestOrderFlow" name="test_empty_cart" time="0.074" /><testcase classname="tests.backend_test.TestProducts" name="test_list_has_8_seeded" time="0.000" /><testcase classname="tests.backend_test.TestProducts" name="test_product_shape" time="0.000" /><testcase classname="tests.backend_test.TestAdmin" name="test_admin_order_status_and_shiprocket" time="0.641" /></testsuite></testsuites>